sherman1     | ML 0-IM: Inf/2.0/0.0-2                   |   1.49 |   2.72 |   7.74 |  21.36 ||  15 | unknown|  10.06 |   8.70 |      5577 |   0.00 |   0.00 |   0.00 |success|
test1        | ML 0-IM: Inf/1.0/0.0-1                   |   0.75 |   2.49 |   8.18 |  15.37 ||   4 | unknown|  21.35 |  20.61 |        15 |   0.00 |   0.00 |   0.00 |success|
test2        | ML 0-IM: Inf/1.0/0.0-1                   |   0.75 |   2.49 |   8.18 |  15.37 ||   4 |  14.57 |  21.35 |  20.61 |        15 |   0.00 |   0.00 |   0.00 |success|
test3        | ML 0-IM: Inf/1.0/0.0-1                   |   0.75 |   2.49 |   8.18 |  15.37 ||   4 | unknown|  21.35 |  20.61 |        15 |   0.00 |   0.00 |   0.00 |success|
test4        | ML 0-IM: Inf/1.0/0.0-1                   |   0.75 |   2.49 |   8.18 |  15.37 ||   4 |  14.57 |  21.35 |  20.61 |        15 |   0.00 |   0.00 |   0.00 |success|
sherman1     | ML 0-IM: Inf/-1.0/0.0-1                  |   0.27 |   1.47 |   5.92 |  14.29 || 240 | unknown|   9.76 |   8.74 |      1000 |   0.00 |   0.03 |   0.03 |success|
sherman1     | ML 0-IM: Inf/-0.8/0.0-1                  |   0.27 |   1.47 |   5.92 |  14.29 || 240 | unknown|   9.76 |   8.74 |      1000 |   0.01 |   0.03 |   0.04 |success|
sherman1     | ML 0-IM: Inf/-0.6/0.0-1                  |   0.27 |   1.47 |   5.92 |  14.29 || 240 | unknown|   9.76 |   8.74 |      1000 |   0.00 |   0.03 |   0.03 |success|
sherman1     | ML 0-IM: Inf/-0.4/0.0-1                  |   0.27 |   1.47 |   5.92 |  14.29 || 240 | unknown|   9.76 |   8.74 |      1000 |   0.00 |   0.03 |   0.03 |success|
sherman1     | ML 0-IM: Inf/-0.2/0.0-1                  |   0.27 |   1.47 |   5.92 |  14.29 || 220 | unknown|   9.41 |   8.39 |      1003 |   0.00 |   0.03 |   0.03 |success|
sherman1     | ML 0-IM: Inf/0.0/0.0-1                   |   0.27 |   1.47 |   5.93 |  14.29 || 199 | unknown|   9.02 |   8.00 |      1012 |   0.00 |   0.03 |   0.03 |success|
sherman1     | ML 0-IM: Inf/0.2/0.0-1                   |   0.30 |   1.50 |   5.97 |  14.29 || 174 | unknown|   9.12 |   8.10 |      1120 |   0.00 |   0.02 |   0.02 |success|
sherman1     | ML 0-IM: Inf/0.4/0.0-1                   |   0.42 |   1.62 |   6.16 |  14.29 ||  68 | unknown|   9.67 |   8.60 |      1592 |   0.00 |   0.01 |   0.01 |success|
sherman1     | ML 0-IM: Inf/0.6/0.0-1                   |   0.49 |   1.68 |   6.27 |  14.29 ||  60 | unknown|   9.14 |   8.01 |      1854 |   0.00 |   0.01 |   0.01 |success|
sherman1     | ML 0-IM: Inf/0.8/0.0-1                   |   0.64 |   1.81 |   6.49 |  14.29 ||  52 | unknown|   9.35 |   8.19 |      2391 |   0.00 |   0.01 |   0.01 |success|
sherman1     | ML 0-IM: Inf/1.0/0.0-1                   |   0.71 |   1.87 |   6.59 |  14.29 ||  65 | unknown|   9.52 |   8.37 |      2644 |   0.00 |   0.01 |   0.01 |success|
sherman1     | ML 0-IM: Inf/1.2/0.0-2                   |   0.87 |   2.06 |   6.85 |  14.45 ||  31 | unknown|   9.73 |   8.50 |      3265 |   0.01 |   0.00 |   0.01 |success|
sherman1     | ML 0-IM: Inf/1.4/0.0-2                   |   1.06 |   2.28 |   7.18 |  14.66 ||  25 | unknown|   9.40 |   8.10 |      3978 |   0.00 |   0.01 |   0.01 |success|
sherman1     | ML 0-IM: Inf/1.6/0.0-2                   |   1.22 |   2.45 |   7.44 |  14.78 ||  22 | unknown|  10.00 |   8.71 |      4566 |   0.00 |   0.01 |   0.01 |success|
sherman1     | ML 0-IM: Inf/1.8/0.0-2                   |   1.40 |   2.63 |   7.66 |  14.84 ||  17 | unknown|   9.79 |   8.42 |      5251 |   0.00 |   0.00 |   0.00 |success|
sherman1     | ML 0-IM: Inf/2.0/0.0-2                   |   1.49 |   2.72 |   7.74 |  14.86 ||  15 | unknown|  10.06 |   8.70 |      5577 |   0.01 |   0.00 |   0.01 |success|
sherman1     | ML 0-IM: Inf/2.2/0.0-2                   |   1.62 |   2.86 |   7.92 |  14.93 ||  12 | unknown|   9.61 |   8.21 |      6089 |   0.00 |   0.01 |   0.01 |success|
sherman1     | ML 0-IM: Inf/2.4/0.0-3                   |   1.85 |   3.08 |   8.06 |  14.97 ||   7 | unknown|  10.52 |   9.11 |      6943 |   0.00 |   0.00 |   0.00 |success|
sherman1     | ML 0-IM: Inf/2.6/0.0-3                   |   2.02 |   3.24 |   8.18 |  15.01 ||   6 | unknown|   9.65 |   8.22 |      7571 |   0.01 |   0.00 |   0.01 |success|
sherman1     | ML 0-IM: Inf/2.8/0.0-3                   |   2.20 |   3.42 |   8.25 |  15.02 ||   4 | unknown|   9.45 |   8.01 |      8256 |   0.00 |   0.01 |   0.01 |success|
sherman1     | ML 0-IM: Inf/3.0/0.0-3                   |   2.36 |   3.57 |   8.36 |  15.04 ||   4 | unknown|  10.26 |   8.81 |      8841 |   0.00 |   0.00 |   0.00 |success|
west2021     | ML 0-IM: Inf/-1.0/0.0-1*                 |   0.28 |   1.51 |   6.00 |  14.32 || 600 |  -6.44 |  -0.47 |  -5.40 |      2025 |   0.00 |   0.17 |   0.17 |failure|
west2021     | ML 0-IM: Inf/-0.8/0.0-1*                 |   0.28 |   1.51 |   6.01 |  14.32 || 600 |  -6.64 |  -1.08 |  -6.00 |      2040 |   0.00 |   0.17 |   0.17 |failure|
west2021     | ML 0-IM: Inf/-0.6/0.0-1*                 |   0.29 |   1.52 |   6.02 |  14.32 || 600 |  -6.68 |  -0.96 |  -5.88 |      2107 |   0.00 |   0.17 |   0.17 |failure|
west2021     | ML 0-IM: Inf/-0.4/0.0-1*                 |   0.31 |   1.55 |   6.06 |  14.32 || 600 |  -6.28 |  -0.66 |  -5.61 |      2305 |   0.00 |   0.17 |   0.17 |failure|
west2021     | ML 0-IM: Inf/-0.2/0.0-2*                 |   0.36 |   1.59 |   6.13 |  14.33 || 600 |  -7.13 |  -1.66 |  -6.63 |      2622 |   0.01 |   0.17 |   0.18 |failure|
west2021     | ML 0-IM: Inf/0.0/0.0-2*                  |   0.41 |   1.64 |   6.21 |  14.33 || 600 |  -6.59 |  -0.64 |  -5.64 |      3015 |   0.01 |   0.18 |   0.19 |failure|
west2021     | ML 0-IM: Inf/0.2/0.0-2*                  |   0.62 |   1.87 |   6.55 |  14.51 || 160 |   5.52 |  14.04 |   8.41 |      4558 |   0.01 |   0.05 |   0.06 |success|
west2021     | ML 0-IM: Inf/0.4/0.0-2                   |   0.69 |   1.94 |   6.66 |  14.55 ||  67 |   6.54 |  14.14 |   8.01 |      5083 |   0.01 |   0.02 |   0.03 |success|
west2021     | ML 0-IM: Inf/0.6/0.0-2                   |   0.77 |   2.03 |   6.80 |  14.60 ||  73 |   6.52 |  16.13 |   8.58 |      5683 |   0.01 |   0.03 |   0.04 |success|
west2021     | ML 0-IM: Inf/0.8/0.0-2                   |   0.93 |   2.19 |   6.99 |  14.67 ||  33 |   7.40 |  13.08 |   8.01 |      6807 |   0.01 |   0.01 |   0.02 |success|
west2021     | ML 0-IM: Inf/1.0/0.0-3                   |   0.95 |   2.21 |   7.04 |  14.68 ||  26 |   7.70 |  13.45 |   8.23 |      7009 |   0.01 |   0.01 |   0.02 |success|
west2021     | ML 0-IM: Inf/1.2/0.0-2                   |   1.05 |   2.31 |   7.23 |  14.72 ||  25 |   7.93 |  13.95 |   8.90 |      7706 |   0.01 |   0.01 |   0.02 |success|
west2021     | ML 0-IM: Inf/1.4/0.0-3                   |   1.20 |   2.48 |   7.45 |  14.83 ||  18 |   8.45 |  14.03 |   8.67 |      8859 |   0.00 |   0.01 |   0.01 |success|
west2021     | ML 0-IM: Inf/1.6/0.0-2                   |   1.26 |   2.53 |   7.55 |  14.85 ||  16 |   7.57 |  14.16 |   9.08 |      9263 |   0.01 |   0.00 |   0.01 |success|
west2021     | ML 0-IM: Inf/1.8/0.0-3                   |   1.34 |   2.61 |   7.68 |  14.89 ||  13 |   7.77 |  13.59 |   8.21 |      9818 |   0.01 |   0.01 |   0.02 |success|
west2021     | ML 0-IM: Inf/2.0/0.0-3                   |   1.45 |   2.73 |   7.82 |  14.95 ||  13 |   8.56 |  15.86 |  10.57 |     10658 |   0.01 |   0.00 |   0.01 |success|
west2021     | ML 0-IM: Inf/2.2/0.0-3                   |   1.52 |   2.81 |   7.93 |  15.01 ||  10 |   7.18 |  13.22 |   8.03 |     11179 |   0.01 |   0.00 |   0.01 |success|
west2021     | ML 0-IM: Inf/2.4/0.0-3                   |   1.69 |   2.97 |   8.16 |  15.04 ||  11 |   7.99 |  13.34 |   8.19 |     12414 |   0.01 |   0.01 |   0.02 |success|
west2021     | ML 0-IM: Inf/2.6/0.0-3                   |   1.84 |   3.13 |   8.43 |  15.13 ||  12 |   7.69 |  13.81 |   8.16 |     13538 |   0.01 |   0.00 |   0.01 |success|
west2021     | ML 0-IM: Inf/2.8/0.0-3                   |   1.94 |   3.23 |   8.41 |  15.15 ||  11 |   8.56 |  14.67 |   9.27 |     14265 |   0.01 |   0.01 |   0.02 |success|
west2021     | ML 0-IM: Inf/3.0/0.0-3                   |   2.21 |   3.49 |   8.68 |  16.07 ||  11 |   8.15 |  14.67 |   9.19 |     16273 |   0.01 |   0.01 |   0.02 |success|
